{"src/FlashSwapV3.sol":{"l":{"59":0,"64":0,"65":0,"88":0,"91":0,"96":0,"113":0,"138":0,"140":0,"151":0,"168":0,"182":0,"185":0,"188":0,"197":0,"198":0,"201":0,"203":0,"205":0,"206":0,"208":0,"210":0,"212":0,"216":0,"217":0,"219":0,"224":0,"225":0,"227":0,"229":0,"235":0,"238":0,"242":0,"246":0,"250":0},"path":"/home/simsim/codeWSL/projects/web3refreshercourse/web3refresherL7/src/FlashSwapV3.sol","s":{"1":0,"2":0,"3":0,"4":0,"5":0,"6":0,"7":0,"8":0,"9":0,"10":0,"11":0,"12":0,"13":0,"14":0,"15":0,"16":0,"17":0,"18":0,"19":0,"20":0,"21":0,"22":0,"23":0,"24":0,"25":0,"26":0,"27":0,"28":0,"29":0,"30":0,"31":0},"b":{"1":[0,0],"2":[0,0],"3":[0,0],"4":[0,0],"5":[0,0],"6":[0,0],"7":[0,0],"8":[0,0],"9":[0,0],"10":[0,0],"11":[0,0],"12":[0,0]},"f":{"1":0,"2":0,"3":0,"4":0,"5":0,"6":0,"7":0,"8":0,"9":0,"10":0,"11":0},"fnMap":{"1":{"name":"constructor","line":58,"loc":{"start":{"line":58,"column":4},"end":{"line":60,"column":4}}},"2":{"name":"onlyOwner","line":63,"loc":{"start":{"line":63,"column":4},"end":{"line":66,"column":4}}},"3":{"name":"flashSwap","line":86,"loc":{"start":{"line":79,"column":4},"end":{"line":120,"column":4}}},"4":{"name":"_swap","line":131,"loc":{"start":{"line":131,"column":4},"end":{"line":152,"column":4}}},"5":{"name":"uniswapV3SwapCallback","line":162,"loc":{"start":{"line":162,"column":0},"end":{"line":220,"column":0}}},"6":{"name":"_normalize","line":223,"loc":{"start":{"line":223,"column":0},"end":{"line":231,"column":0}}},"7":{"name":"getWethProfit","line":234,"loc":{"start":{"line":234,"column":4},"end":{"line":236,"column":4}}},"8":{"name":"getUsdtProfit","line":237,"loc":{"start":{"line":237,"column":4},"end":{"line":239,"column":4}}},"9":{"name":"getWbtcProfit","line":241,"loc":{"start":{"line":241,"column":4},"end":{"line":243,"column":4}}},"10":{"name":"getArbProfit","line":245,"loc":{"start":{"line":245,"column":4},"end":{"line":247,"column":4}}},"11":{"name":"getOwner","line":249,"loc":{"start":{"line":249,"column":4},"end":{"line":253,"column":4}}}},"statementMap":{"1":{"start":{"line":64,"column":8},"end":{"line":64,"column":48}},"2":{"start":{"line":88,"column":8},"end":{"line":88,"column":44}},"3":{"start":{"line":91,"column":8},"end":{"line":91,"column":2932}},"4":{"start":{"line":96,"column":8},"end":{"line":96,"column":3121}},"5":{"start":{"line":113,"column":8},"end":{"line":113,"column":3640}},"6":{"start":{"line":138,"column":8},"end":{"line":138,"column":57}},"7":{"start":{"line":140,"column":8},"end":{"line":140,"column":4518}},"8":{"start":{"line":168,"column":4},"end":{"line":168,"column":5303}},"9":{"start":{"line":182,"column":4},"end":{"line":182,"column":74}},"10":{"start":{"line":185,"column":4},"end":{"line":185,"column":55}},"11":{"start":{"line":188,"column":4},"end":{"line":188,"column":5859}},"12":{"start":{"line":197,"column":4},"end":{"line":197,"column":62}},"13":{"start":{"line":198,"column":4},"end":{"line":198,"column":72}},"14":{"start":{"line":201,"column":4},"end":{"line":201,"column":118}},"15":{"start":{"line":203,"column":4},"end":{"line":203,"column":36}},"16":{"start":{"line":205,"column":4},"end":{"line":205,"column":6427}},"17":{"start":{"line":207,"column":11},"end":{"line":207,"column":6499}},"18":{"start":{"line":209,"column":11},"end":{"line":209,"column":6571}},"19":{"start":{"line":216,"column":4},"end":{"line":216,"column":44}},"20":{"start":{"line":217,"column":4},"end":{"line":217,"column":43}},"21":{"start":{"line":219,"column":4},"end":{"line":219,"column":42}},"22":{"start":{"line":224,"column":4},"end":{"line":224,"column":6975}},"23":{"start":{"line":225,"column":8},"end":{"line":225,"column":28}},"24":{"start":{"line":226,"column":11},"end":{"line":226,"column":7078}},"25":{"start":{"line":227,"column":8},"end":{"line":227,"column":28}},"26":{"start":{"line":229,"column":8},"end":{"line":229,"column":21}},"27":{"start":{"line":235,"column":8},"end":{"line":235,"column":25}},"28":{"start":{"line":238,"column":8},"end":{"line":238,"column":25}},"29":{"start":{"line":242,"column":8},"end":{"line":242,"column":25}},"30":{"start":{"line":246,"column":8},"end":{"line":246,"column":24}},"31":{"start":{"line":250,"column":8},"end":{"line":250,"column":20}}},"branchMap":{"1":{"line":64,"type":"if","locations":[{"start":{"line":64,"column":8},"end":{"line":64,"column":8}},{"start":{"line":64,"column":8},"end":{"line":64,"column":8}}]},"2":{"line":86,"type":"if","locations":[{"start":{"line":86,"column":15},"end":{"line":86,"column":15}},{"start":{"line":86,"column":15},"end":{"line":86,"column":15}}]},"3":{"line":86,"type":"if","locations":[{"start":{"line":86,"column":25},"end":{"line":86,"column":25}},{"start":{"line":86,"column":25},"end":{"line":86,"column":25}}]},"4":{"line":92,"type":"if","locations":[{"start":{"line":92,"column":14},"end":{"line":92,"column":31}},{"start":{"line":93,"column":14},"end":{"line":93,"column":31}}]},"5":{"line":182,"type":"if","locations":[{"start":{"line":182,"column":37},"end":{"line":182,"column":53}},{"start":{"line":182,"column":57},"end":{"line":182,"column":73}}]},"6":{"line":201,"type":"if","locations":[{"start":{"line":201,"column":70},"end":{"line":201,"column":113}},{"start":{"line":201,"column":117},"end":{"line":201,"column":117}}]},"7":{"line":203,"type":"if","locations":[{"start":{"line":203,"column":4},"end":{"line":203,"column":4}},{"start":{"line":203,"column":4},"end":{"line":203,"column":4}}]},"8":{"line":205,"type":"if","locations":[{"start":{"line":205,"column":4},"end":{"line":205,"column":4}},{"start":{"line":205,"column":4},"end":{"line":205,"column":4}}]},"9":{"line":207,"type":"if","locations":[{"start":{"line":207,"column":11},"end":{"line":207,"column":11}},{"start":{"line":207,"column":11},"end":{"line":207,"column":11}}]},"10":{"line":209,"type":"if","locations":[{"start":{"line":209,"column":11},"end":{"line":209,"column":11}},{"start":{"line":209,"column":11},"end":{"line":209,"column":11}}]},"11":{"line":224,"type":"if","locations":[{"start":{"line":224,"column":4},"end":{"line":224,"column":4}},{"start":{"line":224,"column":4},"end":{"line":224,"column":4}}]},"12":{"line":226,"type":"if","locations":[{"start":{"line":226,"column":11},"end":{"line":226,"column":11}},{"start":{"line":226,"column":11},"end":{"line":226,"column":11}}]}}}}