{
"src/FlashSwapV3.sol":{"l":{"57":0,"62":0,"63":0,"86":0,"89":0,"94":0,"111":0,"136":0,"138":0,"149":0,"166":0,"180":0,"183":0,"186":0,"195":0,"196":0,"199":0,"201":0,"203":0,"204":0,"206":0,"208":0,"210":0,"212":0,"216":0,"217":0,"219":0,"225":0,"226":0,"228":0,"235":0,"238":0,"241":0,"244":0,"247":0},"path":"/home/simsim/codeWSL/projects/web3refreshercourse/web3refresherL7/src/FlashSwapV3.sol","s":{"1":0,"2":0,"3":0,"4":0,"5":0,"6":0,"7":0,"8":0,"9":0,"10":0,"11":0,"12":0,"13":0,"14":0,"15":0,"16":0,"17":0,"18":0,"19":0,"20":0,"21":0,"22":0,"23":0,"24":0,"25":0,"26":0,"27":0,"28":0,"29":0,"30":0},"b":{"1":[0,0],"2":[0,0],"3":[0,0],"4":[0,0],"5":[0,0],"6":[0,0],"7":[0,0],"8":[0,0],"9":[0,0],"10":[0,0],"11":[0,0],"12":[0,0],"13":[0,0]},"f":{"1":0,"2":0,"3":0,"4":0,"5":0,"6":0,"7":0,"8":0,"9":0,"10":0,"11":0},"fnMap":{"1":{"name":"constructor","line":56,"loc":{"start":{"line":56,"column":4},"end":{"line":58,"column":4}}},"2":{"name":"onlyOwner","line":61,"loc":{"start":{"line":61,"column":4},"end":{"line":64,"column":4}}},"3":{"name":"flashSwap","line":84,"loc":{"start":{"line":77,"column":4},"end":{"line":118,"column":4}}},"4":{"name":"_swap","line":129,"loc":{"start":{"line":129,"column":4},"end":{"line":150,"column":4}}},"5":{"name":"uniswapV3SwapCallback","line":160,"loc":{"start":{"line":160,"column":0},"end":{"line":220,"column":0}}},"6":{"name":"_normalize","line":224,"loc":{"start":{"line":224,"column":0},"end":{"line":230,"column":0}}},"7":{"name":"getWethProfit","line":234,"loc":{"start":{"line":234,"column":0},"end":{"line":236,"column":0}}},"8":{"name":"getUsdtProfit","line":237,"loc":{"start":{"line":237,"column":0},"end":{"line":239,"column":0}}},"9":{"name":"getUsdcProfit","line":240,"loc":{"start":{"line":240,"column":0},"end":{"line":242,"column":0}}},"10":{"name":"getPepeProfit","line":243,"loc":{"start":{"line":243,"column":0},"end":{"line":245,"column":0}}},"11":{"name":"getDaiProfit","line":246,"loc":{"start":{"line":246,"column":0},"end":{"line":248,"column":0}}}},"statementMap":{"1":{"start":{"line":62,"column":8},"end":{"line":62,"column":48}},"2":{"start":{"line":86,"column":8},"end":{"line":86,"column":44}},"3":{"start":{"line":89,"column":8},"end":{"line":89,"column":2961}},"4":{"start":{"line":94,"column":8},"end":{"line":94,"column":3150}},"5":{"start":{"line":111,"column":8},"end":{"line":111,"column":3669}},"6":{"start":{"line":136,"column":8},"end":{"line":136,"column":57}},"7":{"start":{"line":138,"column":8},"end":{"line":138,"column":4547}},"8":{"start":{"line":166,"column":4},"end":{"line":166,"column":5332}},"9":{"start":{"line":180,"column":4},"end":{"line":180,"column":74}},"10":{"start":{"line":183,"column":4},"end":{"line":183,"column":55}},"11":{"start":{"line":186,"column":4},"end":{"line":186,"column":5888}},"12":{"start":{"line":195,"column":4},"end":{"line":195,"column":62}},"13":{"start":{"line":196,"column":4},"end":{"line":196,"column":72}},"14":{"start":{"line":199,"column":4},"end":{"line":199,"column":118}},"15":{"start":{"line":201,"column":4},"end":{"line":201,"column":36}},"16":{"start":{"line":203,"column":4},"end":{"line":203,"column":6452}},"17":{"start":{"line":205,"column":11},"end":{"line":205,"column":6524}},"18":{"start":{"line":207,"column":11},"end":{"line":207,"column":6596}},"19":{"start":{"line":209,"column":11},"end":{"line":209,"column":6668}},"20":{"start":{"line":216,"column":4},"end":{"line":216,"column":44}},"21":{"start":{"line":217,"column":4},"end":{"line":217,"column":43}},"22":{"start":{"line":219,"column":4},"end":{"line":219,"column":42}},"23":{"start":{"line":225,"column":4},"end":{"line":225,"column":7073}},"24":{"start":{"line":226,"column":8},"end":{"line":226,"column":28}},"25":{"start":{"line":228,"column":8},"end":{"line":228,"column":21}},"26":{"start":{"line":235,"column":4},"end":{"line":235,"column":21}},"27":{"start":{"line":238,"column":4},"end":{"line":238,"column":21}},"28":{"start":{"line":241,"column":4},"end":{"line":241,"column":21}},"29":{"start":{"line":244,"column":4},"end":{"line":244,"column":21}},"30":{"start":{"line":247,"column":4},"end":{"line":247,"column":20}}},"branchMap":{"1":{"line":62,"type":"if","locations":[{"start":{"line":62,"column":8},"end":{"line":62,"column":8}},{"start":{"line":62,"column":8},"end":{"line":62,"column":8}}]},"2":{"line":84,"type":"if","locations":[{"start":{"line":84,"column":15},"end":{"line":84,"column":15}},{"start":{"line":84,"column":15},"end":{"line":84,"column":15}}]},"3":{"line":84,"type":"if","locations":[{"start":{"line":84,"column":25},"end":{"line":84,"column":25}},{"start":{"line":84,"column":25},"end":{"line":84,"column":25}}]},"4":{"line":90,"type":"if","locations":[{"start":{"line":90,"column":14},"end":{"line":90,"column":31}},{"start":{"line":91,"column":14},"end":{"line":91,"column":31}}]},"5":{"line":180,"type":"if","locations":[{"start":{"line":180,"column":37},"end":{"line":180,"column":53}},{"start":{"line":180,"column":57},"end":{"line":180,"column":73}}]},"6":{"line":199,"type":"if","locations":[{"start":{"line":199,"column":70},"end":{"line":199,"column":113}},{"start":{"line":199,"column":117},"end":{"line":199,"column":117}}]},"7":{"line":201,"type":"if","locations":[{"start":{"line":201,"column":4},"end":{"line":201,"column":4}},{"start":{"line":201,"column":4},"end":{"line":201,"column":4}}]},"8":{"line":203,"type":"if","locations":[{"start":{"line":203,"column":4},"end":{"line":203,"column":4}},{"start":{"line":203,"column":4},"end":{"line":203,"column":4}}]},"9":{"line":205,"type":"if","locations":[{"start":{"line":205,"column":11},"end":{"line":205,"column":11}},{"start":{"line":205,"column":11},"end":{"line":205,"column":11}}]},"10":{"line":207,"type":"if","locations":[{"start":{"line":207,"column":11},"end":{"line":207,"column":11}},{"start":{"line":207,"column":11},"end":{"line":207,"column":11}}]},"11":{"line":209,"type":"if","locations":[{"start":{"line":209,"column":11},"end":{"line":209,"column":11}},{"start":{"line":209,"column":11},"end":{"line":209,"column":11}}]},"12":{"line":225,"type":"if","locations":[{"start":{"line":225,"column":4},"end":{"line":225,"column":4}},{"start":{"line":225,"column":4},"end":{"line":225,"column":4}}]},"13":{"line":225,"type":"cond-expr","locations":[{"start":{"line":225,"column":8},"end":{"line":225,"column":28}},{"start":{"line":225,"column":33},"end":{"line":225,"column":53}}]}}}}
