TN:
SF:/home/simsim/codeWSL/projects/web3refreshercourse/web3refresherL7/src/FlashSwapV3.sol
FN:56,constructor
FN:61,onlyOwner
FN:84,flashSwap
FN:129,_swap
FN:160,uniswapV3SwapCallback
FN:224,_normalize
FN:234,getWethProfit
FN:237,getUsdtProfit
FN:240,getUsdcProfit
FN:243,getPepeProfit
FN:246,getDaiProfit
FNF:11
FNH:0
FNDA:0,constructor
FNDA:0,onlyOwner
FNDA:0,flashSwap
FNDA:0,_swap
FNDA:0,uniswapV3SwapCallback
FNDA:0,_normalize
FNDA:0,getWethProfit
FNDA:0,getUsdtProfit
FNDA:0,getUsdcProfit
FNDA:0,getPepeProfit
FNDA:0,getDaiProfit
DA:57,0
DA:62,0
DA:63,0
DA:86,0
DA:89,0
DA:94,0
DA:111,0
DA:136,0
DA:138,0
DA:149,0
DA:166,0
DA:180,0
DA:183,0
DA:186,0
DA:195,0
DA:196,0
DA:199,0
DA:201,0
DA:203,0
DA:204,0
DA:206,0
DA:208,0
DA:210,0
DA:212,0
DA:216,0
DA:217,0
DA:219,0
DA:225,0
DA:226,0
DA:228,0
DA:235,0
DA:238,0
DA:241,0
DA:244,0
DA:247,0
LF:35
LH:0
BRDA:62,1,0,0
BRDA:62,1,1,0
BRDA:84,2,0,0
BRDA:84,2,1,0
BRDA:84,3,0,0
BRDA:84,3,1,0
BRDA:90,4,0,0
BRDA:90,4,1,0
BRDA:180,5,0,0
BRDA:180,5,1,0
BRDA:199,6,0,0
BRDA:199,6,1,0
BRDA:201,7,0,0
BRDA:201,7,1,0
BRDA:203,8,0,0
BRDA:203,8,1,0
BRDA:205,9,0,0
BRDA:205,9,1,0
BRDA:207,10,0,0
BRDA:207,10,1,0
BRDA:209,11,0,0
BRDA:209,11,1,0
BRDA:225,12,0,0
BRDA:225,12,1,0
BRDA:225,13,0,0
BRDA:225,13,1,0
BRF:26
BRH:0
end_of_record
